{
  "uid" : "68117acbc7a1dafa",
  "name" : "checkValidLogin",
  "fullName" : "com.qlitelabs.tests.LoginTests.checkValidLogin",
  "historyId" : "6ff2c4dca81958d6372efceeff03c64d",
  "time" : {
    "start" : 1598316588314,
    "stop" : 1598316588315,
    "duration" : 1
  },
  "description" : "Validating Credentials",
  "descriptionHtml" : "<p>Validating Credentials</p>\n",
  "status" : "skipped",
  "statusDetails" : {
    "message" : "null value in entry: url=null",
    "trace" : "java.lang.NullPointerException: null value in entry: url=null\n\tat com.google.common.collect.CollectPreconditions.checkEntryNotNull(CollectPreconditions.java:34)\n\tat com.google.common.collect.SingletonImmutableBiMap.<init>(SingletonImmutableBiMap.java:42)\n\tat com.google.common.collect.ImmutableBiMap.of(ImmutableBiMap.java:73)\n\tat com.google.common.collect.ImmutableMap.of(ImmutableMap.java:123)\n\tat org.openqa.selenium.remote.RemoteWebDriver.get(RemoteWebDriver.java:370)\n\tat com.qlitelabs.base.TestBase.instantiateDriverObject(TestBase.java:22)\n\tat sun.reflect.NativeMethodAccessorImpl.invoke0(Native Method)\n\tat sun.reflect.NativeMethodAccessorImpl.invoke(NativeMethodAccessorImpl.java:62)\n\tat sun.reflect.DelegatingMethodAccessorImpl.invoke(DelegatingMethodAccessorImpl.java:43)\n\tat java.lang.reflect.Method.invoke(Method.java:498)\n\tat org.testng.internal.MethodInvocationHelper.invokeMethod(MethodInvocationHelper.java:108)\n\tat org.testng.internal.Invoker.invokeConfigurationMethod(Invoker.java:523)\n\tat org.testng.internal.Invoker.invokeConfigurations(Invoker.java:224)\n\tat org.testng.internal.Invoker.invokeMethod(Invoker.java:599)\n\tat org.testng.internal.Invoker.invokeTestMethod(Invoker.java:869)\n\tat org.testng.internal.Invoker.invokeTestMethods(Invoker.java:1193)\n\tat org.testng.internal.TestMethodWorker.invokeTestMethods(TestMethodWorker.java:126)\n\tat org.testng.internal.TestMethodWorker.run(TestMethodWorker.java:109)\n\tat org.testng.TestRunner.privateRun(TestRunner.java:744)\n\tat org.testng.TestRunner.run(TestRunner.java:602)\n\tat org.testng.SuiteRunner.runTest(SuiteRunner.java:380)\n\tat org.testng.SuiteRunner.runSequentially(SuiteRunner.java:375)\n\tat org.testng.SuiteRunner.privateRun(SuiteRunner.java:340)\n\tat org.testng.SuiteRunner.run(SuiteRunner.java:289)\n\tat org.testng.SuiteRunnerWorker.runSuite(SuiteRunnerWorker.java:52)\n\tat org.testng.SuiteRunnerWorker.run(SuiteRunnerWorker.java:86)\n\tat org.testng.TestNG.runSuitesSequentially(TestNG.java:1301)\n\tat org.testng.TestNG.runSuitesLocally(TestNG.java:1226)\n\tat org.testng.TestNG.runSuites(TestNG.java:1144)\n\tat org.testng.TestNG.run(TestNG.java:1115)\n\tat org.apache.maven.surefire.testng.TestNGExecutor.run(TestNGExecutor.java:283)\n\tat org.apache.maven.surefire.testng.TestNGXmlTestSuite.execute(TestNGXmlTestSuite.java:75)\n\tat org.apache.maven.surefire.testng.TestNGProvider.invoke(TestNGProvider.java:120)\n\tat org.apache.maven.surefire.booter.ForkedBooter.runSuitesInProcess(ForkedBooter.java:377)\n\tat org.apache.maven.surefire.booter.ForkedBooter.execute(ForkedBooter.java:138)\n\tat org.apache.maven.surefire.booter.ForkedBooter.run(ForkedBooter.java:465)\n\tat org.apache.maven.surefire.booter.ForkedBooter.main(ForkedBooter.java:451)\n",
    "flaky" : false
  },
  "beforeStages" : [ {
    "name" : "instantiateDriverObject",
    "time" : {
      "start" : 1598316582809,
      "stop" : 1598316588057,
      "duration" : 5248
    },
    "status" : "broken",
    "statusDetails" : {
      "message" : "null value in entry: url=null",
      "trace" : "java.lang.NullPointerException: null value in entry: url=null\n\tat com.google.common.collect.CollectPreconditions.checkEntryNotNull(CollectPreconditions.java:34)\n\tat com.google.common.collect.SingletonImmutableBiMap.<init>(SingletonImmutableBiMap.java:42)\n\tat com.google.common.collect.ImmutableBiMap.of(ImmutableBiMap.java:73)\n\tat com.google.common.collect.ImmutableMap.of(ImmutableMap.java:123)\n\tat org.openqa.selenium.remote.RemoteWebDriver.get(RemoteWebDriver.java:370)\n\tat com.qlitelabs.base.TestBase.instantiateDriverObject(TestBase.java:22)\n\tat sun.reflect.NativeMethodAccessorImpl.invoke0(Native Method)\n\tat sun.reflect.NativeMethodAccessorImpl.invoke(NativeMethodAccessorImpl.java:62)\n\tat sun.reflect.DelegatingMethodAccessorImpl.invoke(DelegatingMethodAccessorImpl.java:43)\n\tat java.lang.reflect.Method.invoke(Method.java:498)\n\tat org.testng.internal.MethodInvocationHelper.invokeMethod(MethodInvocationHelper.java:108)\n\tat org.testng.internal.Invoker.invokeConfigurationMethod(Invoker.java:523)\n\tat org.testng.internal.Invoker.invokeConfigurations(Invoker.java:224)\n\tat org.testng.internal.Invoker.invokeMethod(Invoker.java:599)\n\tat org.testng.internal.Invoker.invokeTestMethod(Invoker.java:869)\n\tat org.testng.internal.Invoker.invokeTestMethods(Invoker.java:1193)\n\tat org.testng.internal.TestMethodWorker.invokeTestMethods(TestMethodWorker.java:126)\n\tat org.testng.internal.TestMethodWorker.run(TestMethodWorker.java:109)\n\tat org.testng.TestRunner.privateRun(TestRunner.java:744)\n\tat org.testng.TestRunner.run(TestRunner.java:602)\n\tat org.testng.SuiteRunner.runTest(SuiteRunner.java:380)\n\tat org.testng.SuiteRunner.runSequentially(SuiteRunner.java:375)\n\tat org.testng.SuiteRunner.privateRun(SuiteRunner.java:340)\n\tat org.testng.SuiteRunner.run(SuiteRunner.java:289)\n\tat org.testng.SuiteRunnerWorker.runSuite(SuiteRunnerWorker.java:52)\n\tat org.testng.SuiteRunnerWorker.run(SuiteRunnerWorker.java:86)\n\tat org.testng.TestNG.runSuitesSequentially(TestNG.java:1301)\n\tat org.testng.TestNG.runSuitesLocally(TestNG.java:1226)\n\tat org.testng.TestNG.runSuites(TestNG.java:1144)\n\tat org.testng.TestNG.run(TestNG.java:1115)\n\tat org.apache.maven.surefire.testng.TestNGExecutor.run(TestNGExecutor.java:283)\n\tat org.apache.maven.surefire.testng.TestNGXmlTestSuite.execute(TestNGXmlTestSuite.java:75)\n\tat org.apache.maven.surefire.testng.TestNGProvider.invoke(TestNGProvider.java:120)\n\tat org.apache.maven.surefire.booter.ForkedBooter.runSuitesInProcess(ForkedBooter.java:377)\n\tat org.apache.maven.surefire.booter.ForkedBooter.execute(ForkedBooter.java:138)\n\tat org.apache.maven.surefire.booter.ForkedBooter.run(ForkedBooter.java:465)\n\tat org.apache.maven.surefire.booter.ForkedBooter.main(ForkedBooter.java:451)\n",
      "flaky" : false
    },
    "steps" : [ ],
    "attachments" : [ ],
    "parameters" : [ ],
    "stepsCount" : 0,
    "attachmentsCount" : 0,
    "shouldDisplayMessage" : true,
    "hasContent" : true
  } ],
  "afterStages" : [ ],
  "labels" : [ {
    "name" : "package",
    "value" : "com.qlitelabs.tests.LoginTests"
  }, {
    "name" : "testClass",
    "value" : "com.qlitelabs.tests.LoginTests"
  }, {
    "name" : "testMethod",
    "value" : "checkValidLogin"
  }, {
    "name" : "parentSuite",
    "value" : "Smoke"
  }, {
    "name" : "suite",
    "value" : "smoke"
  }, {
    "name" : "subSuite",
    "value" : "com.qlitelabs.tests.LoginTests"
  }, {
    "name" : "host",
    "value" : "fv-az50"
  }, {
    "name" : "thread",
    "value" : "3587@fv-az50.main(1)"
  }, {
    "name" : "framework",
    "value" : "testng"
  }, {
    "name" : "language",
    "value" : "java"
  }, {
    "name" : "story",
    "value" : "Check Credentials"
  }, {
    "name" : "severity",
    "value" : "critical"
  }, {
    "name" : "resultFormat",
    "value" : "allure2"
  } ],
  "parameters" : [ ],
  "links" : [ {
    "name" : "3",
    "url" : "https://ankurpshah.visualstudio.com/Azure%20Deveops%20with%20Selenium/_workitems/edit/3",
    "type" : "issue"
  }, {
    "name" : "5",
    "url" : "https://ankurpshah.visualstudio.com/Azure%20Deveops%20with%20Selenium/_workitems/edit/5",
    "type" : "issue"
  }, {
    "name" : "3",
    "url" : "https://ankurpshah.visualstudio.com/Azure%20Deveops%20with%20Selenium/_workitems/edit/3",
    "type" : "tms"
  } ],
  "hidden" : false,
  "extra" : {
    "severity" : "critical",
    "retries" : [ ],
    "categories" : [ ],
    "tags" : [ ]
  },
  "source" : "68117acbc7a1dafa.json",
  "statusDetailsSafe" : {
    "message" : "null value in entry: url=null",
    "trace" : "java.lang.NullPointerException: null value in entry: url=null\n\tat com.google.common.collect.CollectPreconditions.checkEntryNotNull(CollectPreconditions.java:34)\n\tat com.google.common.collect.SingletonImmutableBiMap.<init>(SingletonImmutableBiMap.java:42)\n\tat com.google.common.collect.ImmutableBiMap.of(ImmutableBiMap.java:73)\n\tat com.google.common.collect.ImmutableMap.of(ImmutableMap.java:123)\n\tat org.openqa.selenium.remote.RemoteWebDriver.get(RemoteWebDriver.java:370)\n\tat com.qlitelabs.base.TestBase.instantiateDriverObject(TestBase.java:22)\n\tat sun.reflect.NativeMethodAccessorImpl.invoke0(Native Method)\n\tat sun.reflect.NativeMethodAccessorImpl.invoke(NativeMethodAccessorImpl.java:62)\n\tat sun.reflect.DelegatingMethodAccessorImpl.invoke(DelegatingMethodAccessorImpl.java:43)\n\tat java.lang.reflect.Method.invoke(Method.java:498)\n\tat org.testng.internal.MethodInvocationHelper.invokeMethod(MethodInvocationHelper.java:108)\n\tat org.testng.internal.Invoker.invokeConfigurationMethod(Invoker.java:523)\n\tat org.testng.internal.Invoker.invokeConfigurations(Invoker.java:224)\n\tat org.testng.internal.Invoker.invokeMethod(Invoker.java:599)\n\tat org.testng.internal.Invoker.invokeTestMethod(Invoker.java:869)\n\tat org.testng.internal.Invoker.invokeTestMethods(Invoker.java:1193)\n\tat org.testng.internal.TestMethodWorker.invokeTestMethods(TestMethodWorker.java:126)\n\tat org.testng.internal.TestMethodWorker.run(TestMethodWorker.java:109)\n\tat org.testng.TestRunner.privateRun(TestRunner.java:744)\n\tat org.testng.TestRunner.run(TestRunner.java:602)\n\tat org.testng.SuiteRunner.runTest(SuiteRunner.java:380)\n\tat org.testng.SuiteRunner.runSequentially(SuiteRunner.java:375)\n\tat org.testng.SuiteRunner.privateRun(SuiteRunner.java:340)\n\tat org.testng.SuiteRunner.run(SuiteRunner.java:289)\n\tat org.testng.SuiteRunnerWorker.runSuite(SuiteRunnerWorker.java:52)\n\tat org.testng.SuiteRunnerWorker.run(SuiteRunnerWorker.java:86)\n\tat org.testng.TestNG.runSuitesSequentially(TestNG.java:1301)\n\tat org.testng.TestNG.runSuitesLocally(TestNG.java:1226)\n\tat org.testng.TestNG.runSuites(TestNG.java:1144)\n\tat org.testng.TestNG.run(TestNG.java:1115)\n\tat org.apache.maven.surefire.testng.TestNGExecutor.run(TestNGExecutor.java:283)\n\tat org.apache.maven.surefire.testng.TestNGXmlTestSuite.execute(TestNGXmlTestSuite.java:75)\n\tat org.apache.maven.surefire.testng.TestNGProvider.invoke(TestNGProvider.java:120)\n\tat org.apache.maven.surefire.booter.ForkedBooter.runSuitesInProcess(ForkedBooter.java:377)\n\tat org.apache.maven.surefire.booter.ForkedBooter.execute(ForkedBooter.java:138)\n\tat org.apache.maven.surefire.booter.ForkedBooter.run(ForkedBooter.java:465)\n\tat org.apache.maven.surefire.booter.ForkedBooter.main(ForkedBooter.java:451)\n",
    "flaky" : false
  },
  "statusMessage" : {
    "present" : true
  },
  "parameterValues" : [ ]
}